<?xml version="1.0" encoding="UTF-8"?>
<!-- Generated by org.testng.reporters.JUnitReportReporter -->
<testsuite name="swd_tests_yandex_mail_page_object.ActionWithTargets" tests="2" time="3.558" ignored="0" failures="0" timestamp="09 июл 2017 21:50:33 GMT" skipped="0" hostname="Kaligor-PC" errors="0">
  <testcase name="checkMoveInSpam" time="0.105" classname="swd_tests_yandex_mail_page_object.ActionWithTargets"/>
  <testcase name="checkCleanSpam" time="3.453" classname="swd_tests_yandex_mail_page_object.ActionWithTargets"/>
</testsuite> <!-- swd_tests_yandex_mail_page_object.ActionWithTargets -->
